<?xml version="1.0" encoding="UTF-8"?>
<!-- Generated by org.testng.reporters.JUnitReportReporter -->
<testsuite hostname="LAPTOP-HIHHPDSQ" failures="0" tests="1" name="com.asssignment.test.TC01_loginpage" time="1.525" errors="0" timestamp="2024-05-25T13:43:59 IST" skipped="0">
  <testcase classname="com.asssignment.test.TC01_loginpage" name="loginvalidation" time="1.525"/>
</testsuite> <!-- com.asssignment.test.TC01_loginpage -->
